Build started 7/14/2018 3:54:54 PM.
     1>Project "C:\Users\u1006\Desktop\SDLEngine\Code\Deja\Deja.vcxproj" on node 2 (Build target(s)).
     1>InitializeBuildStatus:
         Touching "x64\Debug\Deja.tlog\unsuccessfulbuild".
       CustomBuildStep:
         Description: Performing Custom Build Step
         copy "C:\Users\u1006\Desktop\SDLEngine\Code\Deja\lib\*.*" "C:\Users\u1006\Desktop\SDLEngine\temp\x64\Debug\bin\*.*" /y
         copy "C:\Users\u1006\Desktop\SDLEngine\Code\Deja\lib\*.dll" "C:\Users\u1006\Desktop\SDLEngine\temp\x64\Debug\bin\*.dll" /y
         :VCEnd
         C:\Users\u1006\Desktop\SDLEngine\Code\Deja\lib\DejaInsight-ps4.a
         C:\Users\u1006\Desktop\SDLEngine\Code\Deja\lib\DejaInsight.x64.dll
         C:\Users\u1006\Desktop\SDLEngine\Code\Deja\lib\DejaInsight.x64.lib
         C:\Users\u1006\Desktop\SDLEngine\Code\Deja\lib\DejaInsight.x86.dll
         C:\Users\u1006\Desktop\SDLEngine\Code\Deja\lib\DejaInsight.x86.lib
                 5 file(s) copied.
         C:\Users\u1006\Desktop\SDLEngine\Code\Deja\lib\DejaInsight.x64.dll
         C:\Users\u1006\Desktop\SDLEngine\Code\Deja\lib\DejaInsight.x86.dll
                 2 file(s) copied.
       FinalizeBuildStatus:
         Deleting file "x64\Debug\Deja.tlog\unsuccessfulbuild".
         Touching "x64\Debug\Deja.tlog\Deja.lastbuildstate".
     1>Done Building Project "C:\Users\u1006\Desktop\SDLEngine\Code\Deja\Deja.vcxproj" (Build target(s)).

Build succeeded.

Time Elapsed 00:00:00.15
